c:\users\panzehong\documents\visual studio 2015\projects\moe\debug\vc140.pdb
c:\users\panzehong\documents\visual studio 2015\projects\moe\debug\vc140.idb
c:\users\panzehong\documents\visual studio 2015\projects\moe\debug\bg.obj
c:\users\panzehong\documents\visual studio 2015\projects\moe\debug\bullet.obj
c:\users\panzehong\documents\visual studio 2015\projects\moe\debug\bulletenemy.obj
c:\users\panzehong\documents\visual studio 2015\projects\moe\debug\enemy.obj
c:\users\panzehong\documents\visual studio 2015\projects\moe\debug\gameover.obj
c:\users\panzehong\documents\visual studio 2015\projects\moe\debug\input.obj
c:\users\panzehong\documents\visual studio 2015\projects\moe\debug\main.obj
c:\users\panzehong\documents\visual studio 2015\projects\moe\debug\player.obj
c:\users\panzehong\documents\visual studio 2015\projects\moe\debug\result.obj
c:\users\panzehong\documents\visual studio 2015\projects\moe\debug\score.obj
c:\users\panzehong\documents\visual studio 2015\projects\moe\debug\sound.obj
c:\users\panzehong\documents\visual studio 2015\projects\moe\debug\title.obj
c:\users\panzehong\documents\visual studio 2015\projects\moe\debug\skill.obj
c:\users\panzehong\documents\visual studio 2015\projects\moe\debug\life.obj
c:\users\panzehong\documents\visual studio 2015\projects\moe\debug\moe.ilk
c:\users\panzehong\documents\visual studio 2015\projects\moe\debug\moe.exe
c:\users\panzehong\documents\visual studio 2015\projects\moe\debug\moe.pdb
c:\users\panzehong\documents\visual studio 2015\projects\moe\debug\moe.tlog\cl.command.1.tlog
c:\users\panzehong\documents\visual studio 2015\projects\moe\debug\moe.tlog\cl.read.1.tlog
c:\users\panzehong\documents\visual studio 2015\projects\moe\debug\moe.tlog\cl.write.1.tlog
c:\users\panzehong\documents\visual studio 2015\projects\moe\debug\moe.tlog\link.command.1.tlog
c:\users\panzehong\documents\visual studio 2015\projects\moe\debug\moe.tlog\link.read.1.tlog
c:\users\panzehong\documents\visual studio 2015\projects\moe\debug\moe.tlog\link.write.1.tlog
